This is pdfTeX, Version 3.141592653-2.6-1.40.25 (MiKTeX 23.4) (preloaded format=pdflatex 2023.4.22)  23 APR 2023 01:15
entering extended mode
 restricted \write18 enabled.
 %&-line parsing enabled.
**./Monografia.tex
(Monografia.tex
LaTeX2e <2022-11-01> patch level 1
L3 programming layer <2023-01-16>

LaTeX Warning: \include should only be used after \begin{document} on input lin
e 1.

(preambulo/preambulo.tex
(C:\Users\Jeremias Dourado\AppData\Local\Programs\MiKTeX\tex/latex/base\report.
cls
Document Class: report 2022/07/02 v1.4n Standard LaTeX document class

(C:\Users\Jeremias Dourado\AppData\Local\Programs\MiKTeX\tex/latex/base\size12.
clo
File: size12.clo 2022/07/02 v1.4n Standard LaTeX file (size option)
)
\c@part=\count185
\c@chapter=\count186
\c@section=\count187
\c@subsection=\count188
\c@subsubsection=\count189
\c@paragraph=\count190
\c@subparagraph=\count191
\c@figure=\count192
\c@table=\count193
\abovecaptionskip=\skip48
\belowcaptionskip=\skip49
\bibindent=\dimen140
)
(C:\Users\Jeremias Dourado\AppData\Local\Programs\MiKTeX\tex/generic/babel\babe
l.sty
Package: babel 2023/03/28 3.87 The Babel package
\babel@savecnt=\count194
\U@D=\dimen141
\l@unhyphenated=\language79

(C:\Users\Jeremias Dourado\AppData\Local\Programs\MiKTeX\tex/generic/babel\txtb
abel.def)
\bbl@readstream=\read2
\bbl@dirlevel=\count195

*************************************
* Local config file bblopts.cfg used
*

(C:\Users\Jeremias Dourado\AppData\Local\Programs\MiKTeX\tex/latex/arabi\bblopt
s.cfg
File: bblopts.cfg 2005/09/08 v0.1 add Arabic and Farsi to "declared" options of
 babel
)
(C:\Users\Jeremias Dourado\AppData\Local\Programs\MiKTeX\tex/latex/babel-portug
es\brazil.ldf
Language: portuges 2021/07/09 v1.2t Portuguese support from the babel system
Package babel Info: Hyphen rules for 'brazil' set to \l@portuguese
(babel)             (\language56). Reported on input line 111.
Package babel Info: Making " an active character on input line 143.
))
(C:\Users\Jeremias Dourado\AppData\Local\Programs\MiKTeX\tex/latex/base\inputen
c.sty
Package: inputenc 2021/02/14 v1.3d Input encoding file
\inpenc@prehook=\toks16
\inpenc@posthook=\toks17
)
(C:\Users\Jeremias Dourado\AppData\Local\Programs\MiKTeX\tex/latex/tools\indent
first.sty
Package: indentfirst 1995/11/23 v1.03 Indent first paragraph (DPC)
)
(C:\Users\Jeremias Dourado\AppData\Local\Programs\MiKTeX\tex/latex/graphics\col
or.sty
Package: color 2022/01/06 v1.3d Standard LaTeX Color (DPC)

(C:\Users\Jeremias Dourado\AppData\Local\Programs\MiKTeX\tex/latex/graphics-cfg
\color.cfg
File: color.cfg 2016/01/02 v1.6 sample color configuration
)
Package color Info: Driver file: pdftex.def on input line 149.

(C:\Users\Jeremias Dourado\AppData\Local\Programs\MiKTeX\tex/latex/graphics-def
\pdftex.def
File: pdftex.def 2022/09/22 v1.2b Graphics/color driver for pdftex
)
(C:\Users\Jeremias Dourado\AppData\Local\Programs\MiKTeX\tex/latex/graphics\mat
hcolor.ltx))
(C:\Users\Jeremias Dourado\AppData\Local\Programs\MiKTeX\tex/latex/graphics\gra
phicx.sty
Package: graphicx 2021/09/16 v1.2d Enhanced LaTeX Graphics (DPC,SPQR)

(C:\Users\Jeremias Dourado\AppData\Local\Programs\MiKTeX\tex/latex/graphics\key
val.sty
Package: keyval 2022/05/29 v1.15 key=value parser (DPC)
\KV@toks@=\toks18
)
(C:\Users\Jeremias Dourado\AppData\Local\Programs\MiKTeX\tex/latex/graphics\gra
phics.sty
Package: graphics 2022/03/10 v1.4e Standard LaTeX Graphics (DPC,SPQR)

(C:\Users\Jeremias Dourado\AppData\Local\Programs\MiKTeX\tex/latex/graphics\tri
g.sty
Package: trig 2021/08/11 v1.11 sin cos tan (DPC)
)
(C:\Users\Jeremias Dourado\AppData\Local\Programs\MiKTeX\tex/latex/graphics-cfg
\graphics.cfg
File: graphics.cfg 2016/06/04 v1.11 sample graphics configuration
)
Package graphics Info: Driver file: pdftex.def on input line 107.
)
\Gin@req@height=\dimen142
\Gin@req@width=\dimen143
)
(C:\Users\Jeremias Dourado\AppData\Local\Programs\MiKTeX\tex/latex/geometry\geo
metry.sty
Package: geometry 2020/01/02 v5.9 Page Geometry

(C:\Users\Jeremias Dourado\AppData\Local\Programs\MiKTeX\tex/generic/iftex\ifvt
ex.sty
Package: ifvtex 2019/10/25 v1.7 ifvtex legacy package. Use iftex instead.

(C:\Users\Jeremias Dourado\AppData\Local\Programs\MiKTeX\tex/generic/iftex\ifte
x.sty
Package: iftex 2022/02/03 v1.0f TeX engine tests
))
\Gm@cnth=\count196
\Gm@cntv=\count197
\c@Gm@tempcnt=\count198
\Gm@bindingoffset=\dimen144
\Gm@wd@mp=\dimen145
\Gm@odd@mp=\dimen146
\Gm@even@mp=\dimen147
\Gm@layoutwidth=\dimen148
\Gm@layoutheight=\dimen149
\Gm@layouthoffset=\dimen150
\Gm@layoutvoffset=\dimen151
\Gm@dimlist=\toks19

(C:\Users\Jeremias Dourado\AppData\Local\Programs\MiKTeX\tex/latex/geometry\geo
metry.cfg))
(C:\Users\Jeremias Dourado\AppData\Local\Programs\MiKTeX\tex/latex/amsmath\amst
ext.sty
Package: amstext 2021/08/26 v2.01 AMS text

(C:\Users\Jeremias Dourado\AppData\Local\Programs\MiKTeX\tex/latex/amsmath\amsg
en.sty
File: amsgen.sty 1999/11/30 v2.0 generic functions
\@emptytoks=\toks20
\ex@=\dimen152
))
(C:\Users\Jeremias Dourado\AppData\Local\Programs\MiKTeX\tex/latex/amsmath\amsc
d.sty
Package: amscd 2017/04/14 v2.1 AMS Commutative Diagrams
\athelp@=\toks21
\minaw@=\dimen153
\bigaw@=\dimen154
\minCDarrowwidth=\dimen155
)
(C:\Users\Jeremias Dourado\AppData\Local\Programs\MiKTeX\tex/latex/amsfonts\ams
fonts.sty
Package: amsfonts 2013/01/14 v3.01 Basic AMSFonts support
\symAMSa=\mathgroup4
\symAMSb=\mathgroup5
LaTeX Font Info:    Redeclaring math symbol \hbar on input line 98.
LaTeX Font Info:    Overwriting math alphabet `\mathfrak' in version `bold'
(Font)                  U/euf/m/n --> U/euf/b/n on input line 106.
)
(C:\Users\Jeremias Dourado\AppData\Local\Programs\MiKTeX\tex/latex/float\float.
sty
Package: float 2001/11/08 v1.3d Float enhancements (AL)
\c@float@type=\count199
\float@exts=\toks22
\float@box=\box51
\@float@everytoks=\toks23
\@floatcapt=\box52
)
(C:\Users\Jeremias Dourado\AppData\Local\Programs\MiKTeX\tex/latex/base\textcom
p.sty
Package: textcomp 2020/02/02 v2.0n Standard LaTeX package
)
(C:\Users\Jeremias Dourado\AppData\Local\Programs\MiKTeX\tex/latex/amsfonts\ams
symb.sty
Package: amssymb 2013/01/14 v3.01 AMS font symbols
)
(C:\Users\Jeremias Dourado\AppData\Local\Programs\MiKTeX\tex/latex/amsmath\amsm
ath.sty
Package: amsmath 2022/04/08 v2.17n AMS math features
\@mathmargin=\skip50

For additional information on amsmath, use the `?' option.

(C:\Users\Jeremias Dourado\AppData\Local\Programs\MiKTeX\tex/latex/amsmath\amsb
sy.sty
Package: amsbsy 1999/11/29 v1.2d Bold Symbols
\pmbraise@=\dimen156
)
(C:\Users\Jeremias Dourado\AppData\Local\Programs\MiKTeX\tex/latex/amsmath\amso
pn.sty
Package: amsopn 2022/04/08 v2.04 operator names
)
\inf@bad=\count266
LaTeX Info: Redefining \frac on input line 234.
\uproot@=\count267
\leftroot@=\count268
LaTeX Info: Redefining \overline on input line 399.
LaTeX Info: Redefining \colon on input line 410.
\classnum@=\count269
\DOTSCASE@=\count270
LaTeX Info: Redefining \ldots on input line 496.
LaTeX Info: Redefining \dots on input line 499.
LaTeX Info: Redefining \cdots on input line 620.
\Mathstrutbox@=\box53
\strutbox@=\box54
LaTeX Info: Redefining \big on input line 722.
LaTeX Info: Redefining \Big on input line 723.
LaTeX Info: Redefining \bigg on input line 724.
LaTeX Info: Redefining \Bigg on input line 725.
\big@size=\dimen157
LaTeX Font Info:    Redeclaring font encoding OML on input line 743.
LaTeX Font Info:    Redeclaring font encoding OMS on input line 744.
\macc@depth=\count271
LaTeX Info: Redefining \bmod on input line 905.
LaTeX Info: Redefining \pmod on input line 910.
LaTeX Info: Redefining \smash on input line 940.
LaTeX Info: Redefining \relbar on input line 970.
LaTeX Info: Redefining \Relbar on input line 971.
\c@MaxMatrixCols=\count272
\dotsspace@=\muskip16
\c@parentequation=\count273
\dspbrk@lvl=\count274
\tag@help=\toks24
\row@=\count275
\column@=\count276
\maxfields@=\count277
\andhelp@=\toks25
\eqnshift@=\dimen158
\alignsep@=\dimen159
\tagshift@=\dimen160
\tagwidth@=\dimen161
\totwidth@=\dimen162
\lineht@=\dimen163
\@envbody=\toks26
\multlinegap=\skip51
\multlinetaggap=\skip52
\mathdisplay@stack=\toks27
LaTeX Info: Redefining \[ on input line 2953.
LaTeX Info: Redefining \] on input line 2954.
)
(C:\Users\Jeremias Dourado\AppData\Local\Programs\MiKTeX\tex/latex/tools\multic
ol.sty
Package: multicol 2021/11/30 v1.9d multicolumn formatting (FMi)
\c@tracingmulticols=\count278
\mult@box=\box55
\multicol@leftmargin=\dimen164
\c@unbalance=\count279
\c@collectmore=\count280
\doublecol@number=\count281
\multicoltolerance=\count282
\multicolpretolerance=\count283
\full@width=\dimen165
\page@free=\dimen166
\premulticols=\dimen167
\postmulticols=\dimen168
\multicolsep=\skip53
\multicolbaselineskip=\skip54
\partial@page=\box56
\last@line=\box57
\maxbalancingoverflow=\dimen169
\mult@rightbox=\box58
\mult@grightbox=\box59
\mult@firstbox=\box60
\mult@gfirstbox=\box61
\@tempa=\box62
\@tempa=\box63
\@tempa=\box64
\@tempa=\box65
\@tempa=\box66
\@tempa=\box67
\@tempa=\box68
\@tempa=\box69
\@tempa=\box70
\@tempa=\box71
\@tempa=\box72
\@tempa=\box73
\@tempa=\box74
\@tempa=\box75
\@tempa=\box76
\@tempa=\box77
\@tempa=\box78
\@tempa=\box79
\@tempa=\box80
\@tempa=\box81
\@tempa=\box82
\@tempa=\box83
\@tempa=\box84
\@tempa=\box85
\@tempa=\box86
\@tempa=\box87
\@tempa=\box88
\@tempa=\box89
\@tempa=\box90
\@tempa=\box91
\@tempa=\box92
\@tempa=\box93
\@tempa=\box94
\@tempa=\box95
\@tempa=\box96
\@tempa=\box97
\c@minrows=\count284
\c@columnbadness=\count285
\c@finalcolumnbadness=\count286
\last@try=\dimen170
\multicolovershoot=\dimen171
\multicolundershoot=\dimen172
\mult@nat@firstbox=\box98
\colbreak@box=\box99
\mc@col@check@num=\count287
)
(C:\Users\Jeremias Dourado\AppData\Local\Programs\MiKTeX\tex/latex/multirow\mul
tirow.sty
Package: multirow 2021/03/15 v2.8 Span multiple rows of a table
\multirow@colwidth=\skip55
\multirow@cntb=\count288
\multirow@dima=\skip56
\bigstrutjot=\dimen173
)
(C:\Users\Jeremias Dourado\AppData\Local\Programs\MiKTeX\tex/latex/jknappen\mat
hrsfs.sty
Package: mathrsfs 1996/01/01 Math RSFS package v1.0 (jk)
\symrsfs=\mathgroup6
)
(C:\Users\Jeremias Dourado\AppData\Local\Programs\MiKTeX\tex/latex/graphics\lsc
ape.sty
Package: lscape 2020/05/28 v3.02 Landscape Pages (DPC)
)
(C:\Users\Jeremias Dourado\AppData\Local\Programs\MiKTeX\tex/latex/ulem\ulem.st
y
\UL@box=\box100
\UL@hyphenbox=\box101
\UL@skip=\skip57
\UL@hook=\toks28
\UL@height=\dimen174
\UL@pe=\count289
\UL@pixel=\dimen175
\ULC@box=\box102
Package: ulem 2019/11/18
\ULdepth=\dimen176
)
(C:\Users\Jeremias Dourado\AppData\Local\Programs\MiKTeX\tex/generic/xypic\xy.s
ty
(C:\Users\Jeremias Dourado\AppData\Local\Programs\MiKTeX\tex/generic/xypic\xy.t
ex Bootstrap'ing: catcodes, docmode,
(C:\Users\Jeremias Dourado\AppData\Local\Programs\MiKTeX\tex/generic/xypic\xyre
cat.tex)
(C:\Users\Jeremias Dourado\AppData\Local\Programs\MiKTeX\tex/generic/xypic\xyid
ioms.tex)

 Xy-pic version 3.8.9 <2013/10/06>
 Copyright (c) 1991-2013 by Kristoffer H. Rose <krisrose@tug.org> and others
 Xy-pic is free software: see the User's Guide for details.

Loading kernel: messages; fonts; allocations: state,
\X@c=\dimen177
\Y@c=\dimen178
\U@c=\dimen179
\D@c=\dimen180
\L@c=\dimen181
\R@c=\dimen182
\Edge@c=\toks29
\X@p=\dimen183
\Y@p=\dimen184
\U@p=\dimen185
\D@p=\dimen186
\L@p=\dimen187
\R@p=\dimen188
\Edge@p=\toks30
\X@origin=\dimen189
\Y@origin=\dimen190
\X@xbase=\dimen191
\Y@xbase=\dimen192
\X@ybase=\dimen193
\Y@ybase=\dimen194
\X@min=\dimen195
\Y@min=\dimen196
\X@max=\dimen197
\Y@max=\dimen198
\lastobjectbox@=\box103
\zerodotbox@=\box104
\almostz@=\dimen199
 direction,
\d@X=\dimen256
\d@Y=\dimen257
\K@=\count290
\KK@=\count291
\Direction=\count292
\K@dXdY=\dimen258
\K@dYdX=\dimen259
\xyread@=\read3
\xywrite@=\write3
\csp@=\count293
\quotPTK@=\dimen260

utility macros; pictures: \xy, positions,
\swaptoks@@=\toks31
\connectobjectbox@@=\box105
 objects,
\styletoks@=\toks32
 decorations;
kernel objects: directionals, circles, text; options; algorithms: directions,
edges, connections;  Xy-pic loaded)
(C:\Users\Jeremias Dourado\AppData\Local\Programs\MiKTeX\tex/generic/iftex\ifpd
f.sty
Package: ifpdf 2019/10/25 v3.4 ifpdf legacy package. Use iftex instead.
)
Package: xy 2013/10/06 Xy-pic version 3.8.9

(C:\Users\Jeremias Dourado\AppData\Local\Programs\MiKTeX\tex/generic/xypic\xypd
f.tex  Xy-pic option: PDF driver v.1.7 loaded)
(C:\Users\Jeremias Dourado\AppData\Local\Programs\MiKTeX\tex/generic/xypic\xyal
l.tex  Xy-pic option: All features v.3.8
(C:\Users\Jeremias Dourado\AppData\Local\Programs\MiKTeX\tex/generic/xypic\xycu
rve.tex  Xy-pic option: Curve and Spline extension v.3.12 curve,
\crv@cnt@=\count294
\crvpts@=\toks33
\splinebox@=\box106
\splineval@=\dimen261
\splinedepth@=\dimen262
\splinetol@=\dimen263
\splinelength@=\dimen264
 circles,
\L@=\dimen265

loaded) Xy-pic pdf driver: `curve' extension support
(C:\Users\Jeremias Dourado\AppData\Local\Programs\MiKTeX\tex/generic/xypic\xypd
f-cu.tex loaded)
(C:\Users\Jeremias Dourado\AppData\Local\Programs\MiKTeX\tex/generic/xypic\xyfr
ame.tex  Xy-pic option: Frame and Bracket extension v.3.14 loaded)
Xy-pic pdf driver: `frame' extension support
(C:\Users\Jeremias Dourado\AppData\Local\Programs\MiKTeX\tex/generic/xypic\xypd
f-fr.tex loaded)
(C:\Users\Jeremias Dourado\AppData\Local\Programs\MiKTeX\tex/generic/xypic\xycm
tip.tex  Xy-pic option: Computer Modern tip extension v.3.7
(C:\Users\Jeremias Dourado\AppData\Local\Programs\MiKTeX\tex/generic/xypic\xyti
ps.tex  Xy-pic option: More Tips extension v.3.11 loaded) loaded)
(C:\Users\Jeremias Dourado\AppData\Local\Programs\MiKTeX\tex/generic/xypic\xyli
ne.tex  Xy-pic option: Line styles extension v.3.10
\xylinethick@=\dimen266
 loaded)
Xy-pic pdf driver: `line' extension support
(C:\Users\Jeremias Dourado\AppData\Local\Programs\MiKTeX\tex/generic/xypic\xypd
f-li.tex loaded)
(C:\Users\Jeremias Dourado\AppData\Local\Programs\MiKTeX\tex/generic/xypic\xyro
tate.tex  Xy-pic option: Rotate and Scale extension v.3.8 loaded)
Xy-pic pdf driver: `rotate' extension support
(C:\Users\Jeremias Dourado\AppData\Local\Programs\MiKTeX\tex/generic/xypic\xypd
f-ro.tex loaded)
(C:\Users\Jeremias Dourado\AppData\Local\Programs\MiKTeX\tex/generic/xypic\xyco
lor.tex  Xy-pic option: Colour extension v.3.11 loaded)
Xy-pic pdf driver: `color' extension support
(C:\Users\Jeremias Dourado\AppData\Local\Programs\MiKTeX\tex/generic/xypic\xypd
f-co.tex loaded)
(C:\Users\Jeremias Dourado\AppData\Local\Programs\MiKTeX\tex/generic/xypic\xyma
trix.tex  Xy-pic option: Matrix feature v.3.14
\Row=\count295
\Col=\count296
\queue@=\toks34
\queue@@=\toks35
\qcount@=\count297
\qcount@@=\count298
\matrixsize@=\count299
 loaded)
(C:\Users\Jeremias Dourado\AppData\Local\Programs\MiKTeX\tex/generic/xypic\xyar
row.tex  Xy-pic option: Arrow and Path feature v.3.9 path, \ar, loaded)
(C:\Users\Jeremias Dourado\AppData\Local\Programs\MiKTeX\tex/generic/xypic\xygr
aph.tex  Xy-pic option: Graph feature v.3.11 loaded) loaded))
(C:\Users\Jeremias Dourado\AppData\Local\Programs\MiKTeX\tex/latex/tools\enumer
ate.sty
Package: enumerate 2015/07/23 v3.00 enumerate extensions (DPC)
\@enLab=\toks36
)
(C:\Users\Jeremias Dourado\AppData\Local\Programs\MiKTeX\tex/latex/mathdesign\m
athdesign.sty
Package: mathdesign 2013/08/29 v2.31 Math Design Project

(C:\Users\Jeremias Dourado\AppData\Local\Programs\MiKTeX\tex/latex/base\ifthen.
sty
Package: ifthen 2022/04/13 v1.1d Standard LaTeX ifthen package (DPC)
)

Package mathdesign Warning: No font specified on input line 175.


(C:\Users\Jeremias Dourado\AppData\Local\Programs\MiKTeX\tex/latex/base\fontenc
.sty
Package: fontenc 2021/04/29 v2.0v Standard LaTeX package
))
(C:\Users\Jeremias Dourado\AppData\Local\Programs\MiKTeX\tex/latex/amscls\amsth
m.sty
Package: amsthm 2020/05/29 v2.20.6
\thm@style=\toks37
\thm@bodyfont=\toks38
\thm@headfont=\toks39
\thm@notefont=\toks40
\thm@headpunct=\toks41
\thm@preskip=\skip58
\thm@postskip=\skip59
\thm@headsep=\skip60
\dth@everypar=\toks42
)
\c@teorema=\count300
\c@definicao=\count301
\c@propriedade=\count302
\c@ex=\count303

(C:\Users\Jeremias Dourado\AppData\Local\Programs\MiKTeX\tex/latex/l3backend\l3
backend-pdftex.def
File: l3backend-pdftex.def 2023-01-16 L3 backend support: PDF output (pdfTeX)
\l__color_backend_stack_int=\count304
\l__pdf_internal_box=\box107
) (Monografia.aux (Capa/Capa.aux)
(FolhadeRosto/FolhadeRosto.aux) (Agradecimentos/Agradecimentos.aux)
(Frase/Frase.aux) (Resumo/Resumo.aux) (Introducao/Introducao.aux)
(Capitulo1/Capitulo1.aux) (Capitulo2/Capitulo2.aux) (Apendice1/Apendice1.aux)
(Apendice2/Apendice2.aux) (Apendice3/Apendice3.aux)
(Bibliografia/Bibliografia.aux))
\openout1 = `Monografia.aux'.

LaTeX Font Info:    Checking defaults for OML/cmm/m/it on input line 195.
LaTeX Font Info:    ... okay on input line 195.
LaTeX Font Info:    Checking defaults for OMS/cmsy/m/n on input line 195.
LaTeX Font Info:    ... okay on input line 195.
LaTeX Font Info:    Checking defaults for OT1/cmr/m/n on input line 195.
LaTeX Font Info:    ... okay on input line 195.
LaTeX Font Info:    Checking defaults for T1/cmr/m/n on input line 195.
LaTeX Font Info:    ... okay on input line 195.
LaTeX Font Info:    Checking defaults for TS1/cmr/m/n on input line 195.
LaTeX Font Info:    ... okay on input line 195.
LaTeX Font Info:    Checking defaults for OMX/cmex/m/n on input line 195.
LaTeX Font Info:    ... okay on input line 195.
LaTeX Font Info:    Checking defaults for U/cmr/m/n on input line 195.
LaTeX Font Info:    ... okay on input line 195.

(C:\Users\Jeremias Dourado\AppData\Local\Programs\MiKTeX\tex/context/base/mkii\
supp-pdf.mkii
[Loading MPS to PDF converter (version 2006.09.02).]
\scratchcounter=\count305
\scratchdimen=\dimen267
\scratchbox=\box108
\nofMPsegments=\count306
\nofMParguments=\count307
\everyMPshowfont=\toks43
\MPscratchCnt=\count308
\MPscratchDim=\dimen268
\MPnumerator=\count309
\makeMPintoPDFobject=\count310
\everyMPtoPDFconversion=\toks44
)
(C:\Users\Jeremias Dourado\AppData\Local\Programs\MiKTeX\tex/latex/epstopdf-pkg
\epstopdf-base.sty
Package: epstopdf-base 2020-01-24 v2.11 Base part for package epstopdf
Package epstopdf-base Info: Redefining graphics rule for `.eps' on input line 4
85.

(C:\Users\Jeremias Dourado\AppData\Local\Programs\MiKTeX\tex/latex/00miktex\eps
topdf-sys.cfg
File: epstopdf-sys.cfg 2021/03/18 v2.0 Configuration of epstopdf for MiKTeX
))
*geometry* detected driver: dvipdfm
*geometry* verbose mode - [ preamble ] result:
* driver: dvipdfm
* paper: a4paper
* layout: <same size as paper>
* layoutoffset:(h,v)=(0.0pt,0.0pt)
* modes: 
* h-part:(L,W,R)=(71.13188pt, 469.47049pt, 56.9055pt)
* v-part:(T,H,B)=(85.35826pt, 702.78308pt, 56.9055pt)
* \paperwidth=597.50787pt
* \paperheight=845.04684pt
* \textwidth=469.47049pt
* \textheight=702.78308pt
* \oddsidemargin=-1.1381pt
* \evensidemargin=-1.1381pt
* \topmargin=-23.91173pt
* \headheight=12.0pt
* \headsep=25.0pt
* \topskip=12.0pt
* \footskip=30.0pt
* \marginparwidth=35.0pt
* \marginparsep=10.0pt
* \columnsep=10.0pt
* \skip\footins=10.8pt plus 4.0pt minus 2.0pt
* \hoffset=0.0pt
* \voffset=0.0pt
* \mag=1000
* \@twocolumnfalse
* \@twosidefalse
* \@mparswitchfalse
* \@reversemarginfalse
* (1in=72.27pt=25.4mm, 1cm=28.453pt)

LaTeX Font Info:    Trying to load font information for U+msa on input line 195
.

(C:\Users\Jeremias Dourado\AppData\Local\Programs\MiKTeX\tex/latex/amsfonts\ums
a.fd
File: umsa.fd 2013/01/14 v3.01 AMS symbols A
)
LaTeX Font Info:    Trying to load font information for U+msb on input line 195
.

(C:\Users\Jeremias Dourado\AppData\Local\Programs\MiKTeX\tex/latex/amsfonts\ums
b.fd
File: umsb.fd 2013/01/14 v3.01 AMS symbols B
)
LaTeX Font Info:    Trying to load font information for U+rsfs on input line 19
5.

(C:\Users\Jeremias Dourado\AppData\Local\Programs\MiKTeX\tex/latex/jknappen\urs
fs.fd
File: ursfs.fd 1998/03/24 rsfs font definition file (jk)
)
Package xypdf Info: Line width: 0.47998pt on input line 195.
)
\openout2 = `Capa/Capa.aux'.

 (Capa/Capa.tex
<logo/logo_ufmt.jpg, id=1, 194.22563pt x 194.22563pt>
File: logo/logo_ufmt.jpg Graphic file (type jpg)
<use logo/logo_ufmt.jpg>
Package pdftex.def Info: logo/logo_ufmt.jpg  used on input line 10.
(pdftex.def)             Requested size: 54.3828pt x 54.3828pt.

Overfull \hbox (3.16776pt too wide) in paragraph at lines 10--11
[][] 
 []


LaTeX Font Warning: Font shape `T1/cmr/m/fsc' undefined
(Font)              using `T1/cmr/m/n' instead on input line 14.

File: logo/logo_ufmt.jpg Graphic file (type jpg)
<use logo/logo_ufmt.jpg>
Package pdftex.def Info: logo/logo_ufmt.jpg  used on input line 16.
(pdftex.def)             Requested size: 54.3828pt x 54.3828pt.

Overfull \hbox (3.16776pt too wide) in paragraph at lines 16--17
[][] 
 []

) [1
Non-PDF special ignored!
<special> papersize=597.50787pt,845.04684pt


{C:/Users/Jeremias Dourado/AppData/Local/MiKTeX/fonts/map/pdftex/pdftex.map} <.
/logo/logo_ufmt.jpg>]
\openout2 = `FolhadeRosto/FolhadeRosto.aux'.

 (FolhadeRosto/FolhadeRosto.tex) [2



]
\openout2 = `Agradecimentos/Agradecimentos.aux'.


(Agradecimentos/Agradecimentos.tex) [3




]
\openout2 = `Frase/Frase.aux'.

 (Frase/Frase.tex) [4




]
\openout2 = `Resumo/Resumo.aux'.


(Resumo/Resumo.tex) [5




] (Monografia.toc)
\tf@toc=\write4
\openout4 = `Monografia.toc'.

 [6



] (Monografia.lof)
\tf@lof=\write5
\openout5 = `Monografia.lof'.

 [7

]
(Monografia.lot)
\tf@lot=\write6
\openout6 = `Monografia.lot'.

 [8

]
\openout2 = `Introducao/Introducao.aux'.

 (Introducao/Introducao.tex) [10


]
\openout2 = `Capitulo1/Capitulo1.aux'.

 (Capitulo1/Capitulo1.tex
Cap\'{\i }tulo 1.
[11




] [12] [13] [14] [15] [16] [17] [18] [19]
Overfull \hbox (15.323pt too wide) in paragraph at lines 243--244
[]\T1/cmr/m/n/12 Suponhamos que o jo-ga-dor $\OML/cmm/m/it/12 j[]$ \T1/cmr/m/n/
12 es-co-lheu a dis-tri-bui-ção de pro-ba-bi-li-da-des $[][] \OT1/cmr/m/n/12 = 
[] =
 []

[20] [21] [22]) [23]
\openout2 = `Capitulo2/Capitulo2.aux'.

 (Capitulo2/Capitulo2.tex
Cap\'{\i }tulo 2.
[24




]
<imagens/graf1.jpg, id=100, 840.13875pt x 240.9pt>
File: imagens/graf1.jpg Graphic file (type jpg)
<use imagens/graf1.jpg>
Package pdftex.def Info: imagens/graf1.jpg  used on input line 55.
(pdftex.def)             Requested size: 398.33858pt x 114.21916pt.
 [25 <./imagens/graf1.jpg>]
<imagens/graf2.jpg, id=104, 840.13875pt x 244.915pt>
File: imagens/graf2.jpg Graphic file (type jpg)
<use imagens/graf2.jpg>
Package pdftex.def Info: imagens/graf2.jpg  used on input line 74.
(pdftex.def)             Requested size: 398.33858pt x 116.1228pt.
<imagens/graf3.jpg, id=105, 840.13875pt x 248.93pt>
File: imagens/graf3.jpg Graphic file (type jpg)
<use imagens/graf3.jpg>
Package pdftex.def Info: imagens/graf3.jpg  used on input line 95.
(pdftex.def)             Requested size: 398.33858pt x 118.02646pt.
 [26 <./imagens/graf2.jpg> <./imagens/graf3.jpg>]
<imagens/graf4.jpg, id=110, 840.13875pt x 252.945pt>
File: imagens/graf4.jpg Graphic file (type jpg)
<use imagens/graf4.jpg>
Package pdftex.def Info: imagens/graf4.jpg  used on input line 116.
(pdftex.def)             Requested size: 398.33858pt x 119.93011pt.
<imagens/graf5.jpg, id=111, 840.13875pt x 289.08pt>
File: imagens/graf5.jpg Graphic file (type jpg)
<use imagens/graf5.jpg>
Package pdftex.def Info: imagens/graf5.jpg  used on input line 139.
(pdftex.def)             Requested size: 398.33858pt x 137.06299pt.
 [27 <./imagens/graf4.jpg>]
<imagens/graf6.jpg, id=115, 840.13875pt x 285.065pt>
File: imagens/graf6.jpg Graphic file (type jpg)
<use imagens/graf6.jpg>
Package pdftex.def Info: imagens/graf6.jpg  used on input line 158.
(pdftex.def)             Requested size: 398.33858pt x 135.15935pt.
<imagens/graf7.jpg, id=116, 840.13875pt x 293.095pt>
File: imagens/graf7.jpg Graphic file (type jpg)
<use imagens/graf7.jpg>
Package pdftex.def Info: imagens/graf7.jpg  used on input line 177.
(pdftex.def)             Requested size: 398.33858pt x 138.96664pt.
 [28 <./imagens/graf5.jpg> <./imagens/graf6.jpg>]
<imagens/graf8.jpg, id=120, 840.13875pt x 269.005pt>
File: imagens/graf8.jpg Graphic file (type jpg)
<use imagens/graf8.jpg>
Package pdftex.def Info: imagens/graf8.jpg  used on input line 196.
(pdftex.def)             Requested size: 398.33858pt x 127.54472pt.

[29 <./imagens/graf7.jpg> <./imagens/graf8.jpg>]
<imagens/graf11.jpg, id=124, 840.13875pt x 314.17375pt>
File: imagens/graf11.jpg Graphic file (type jpg)
<use imagens/graf11.jpg>
Package pdftex.def Info: imagens/graf11.jpg  used on input line 213.
(pdftex.def)             Requested size: 398.33858pt x 148.96082pt.
<imagens/graf12.jpg, id=125, 840.13875pt x 318.18875pt>
File: imagens/graf12.jpg Graphic file (type jpg)
<use imagens/graf12.jpg>
Package pdftex.def Info: imagens/graf12.jpg  used on input line 222.
(pdftex.def)             Requested size: 398.33858pt x 150.86447pt.
 [30 <./imagens/graf11.jpg>]
<imagens/graf13.jpg, id=129, 840.13875pt x 322.20375pt>
File: imagens/graf13.jpg Graphic file (type jpg)
<use imagens/graf13.jpg>
Package pdftex.def Info: imagens/graf13.jpg  used on input line 229.
(pdftex.def)             Requested size: 398.33858pt x 152.76813pt.

[31 <./imagens/graf12.jpg> <./imagens/graf13.jpg>]
<imagens/graf9.jpg, id=133, 840.13875pt x 325.215pt>
File: imagens/graf9.jpg Graphic file (type jpg)
<use imagens/graf9.jpg>
Package pdftex.def Info: imagens/graf9.jpg  used on input line 245.
(pdftex.def)             Requested size: 398.33858pt x 154.19586pt.
<imagens/graf10.jpg, id=134, 840.13875pt x 329.23pt>
File: imagens/graf10.jpg Graphic file (type jpg)
<use imagens/graf10.jpg>
Package pdftex.def Info: imagens/graf10.jpg  used on input line 254.
(pdftex.def)             Requested size: 398.33858pt x 156.09952pt.
 [32 <./imagens/graf9.jpg>]
[33 <./imagens/graf10.jpg>]
<imagens/graf14.jpg, id=142, 840.13875pt x 306.14375pt>
File: imagens/graf14.jpg Graphic file (type jpg)
<use imagens/graf14.jpg>
Package pdftex.def Info: imagens/graf14.jpg  used on input line 279.
(pdftex.def)             Requested size: 398.33858pt x 145.15352pt.
<imagens/graf15.jpg, id=143, 840.13875pt x 306.14375pt>
File: imagens/graf15.jpg Graphic file (type jpg)
<use imagens/graf15.jpg>
Package pdftex.def Info: imagens/graf15.jpg  used on input line 288.
(pdftex.def)             Requested size: 398.33858pt x 145.15352pt.
<imagens/graf16.jpg, id=144, 840.13875pt x 306.14375pt>
File: imagens/graf16.jpg Graphic file (type jpg)
<use imagens/graf16.jpg>
Package pdftex.def Info: imagens/graf16.jpg  used on input line 297.
(pdftex.def)             Requested size: 398.33858pt x 145.15352pt.
 [34 <./imagens/graf14.jpg> <./imagens/graf15.jpg>]
<imagens/graf17.jpg, id=148, 840.13875pt x 306.14375pt>
File: imagens/graf17.jpg Graphic file (type jpg)
<use imagens/graf17.jpg>
Package pdftex.def Info: imagens/graf17.jpg  used on input line 306.
(pdftex.def)             Requested size: 398.33858pt x 145.15352pt.
<imagens/graf18.jpg, id=149, 840.13875pt x 306.14375pt>
File: imagens/graf18.jpg Graphic file (type jpg)
<use imagens/graf18.jpg>
Package pdftex.def Info: imagens/graf18.jpg  used on input line 313.
(pdftex.def)             Requested size: 398.33858pt x 145.15352pt.

[35 <./imagens/graf16.jpg> <./imagens/graf17.jpg>]) [36 <./imagens/graf18.jpg>]
\openout2 = `Apendice1/Apendice1.aux'.

(Apendice1/Apendice1.tex
LaTeX Font Info:    Trying to load font information for T1+cmtt on input line 7
.

(C:\Users\Jeremias Dourado\AppData\Local\Programs\MiKTeX\tex/latex/base\t1cmtt.
fd
File: t1cmtt.fd 2022/07/10 v2.5l Standard LaTeX font definitions
)) [37



]
\openout2 = `Apendice2/Apendice2.aux'.

 (Apendice2/Apendice2.tex) [38



]
\openout2 = `Apendice3/Apendice3.aux'.

 (Apendice3/Apendice3.tex
Overfull \hbox (104.13943pt too wide) in paragraph at lines 163--163
[]\T1/cmtt/m/n/8 pes = rand(p,1); % pesos da media ponderada  entre as probabil
idades de escolher e a probabilidade de cooperar dada por pela reputação.[] 
 []

[39



] [40] [41]) [42]
\openout2 = `Bibliografia/Bibliografia.aux'.

 (Bibliografia/Bibliografia.tex [43




]) [44] (Monografia.aux
(Capa/Capa.aux) (FolhadeRosto/FolhadeRosto.aux)
(Agradecimentos/Agradecimentos.aux) (Frase/Frase.aux) (Resumo/Resumo.aux)
(Introducao/Introducao.aux) (Capitulo1/Capitulo1.aux) (Capitulo2/Capitulo2.aux)
(Apendice1/Apendice1.aux) (Apendice2/Apendice2.aux) (Apendice3/Apendice3.aux)
(Bibliografia/Bibliografia.aux))

LaTeX Font Warning: Some font shapes were not available, defaults substituted.

 ) 
Here is how much of TeX's memory you used:
 8726 strings out of 476406
 142109 string characters out of 5784310
 1874324 words of memory out of 5000000
 28755 multiletter control sequences out of 15000+600000
 534670 words of font info for 94 fonts, out of 8000000 for 9000
 1141 hyphenation exceptions out of 8191
 64i,14n,67p,3277b,309s stack positions out of 10000i,1000n,20000p,200000b,200000s
 <C:\Users\Jeremias Dourado\AppData\Local\MiKTeX\fonts/pk/ljfour/jknappen/ec/
dpi600\ectt0800.pk> <C:\Users\Jeremias Dourado\AppData\Local\MiKTeX\fonts/pk/lj
four/jknappen/ec/dpi600\ecbx0800.pk> <C:\Users\Jeremias Dourado\AppData\Local\M
iKTeX\fonts/pk/ljfour/jknappen/ec/dpi600\ecrm0700.pk> <C:\Users\Jeremias Dourad
o\AppData\Local\MiKTeX\fonts/pk/ljfour/jknappen/ec/dpi600\ecrm0800.pk> <C:\User
s\Jeremias Dourado\AppData\Local\MiKTeX\fonts/pk/ljfour/jknappen/ec/dpi600\ecrm
1095.pk> <C:\Users\Jeremias Dourado\AppData\Local\MiKTeX\fonts/pk/ljfour/jknapp
en/ec/dpi600\ecti1200.pk> <C:\Users\Jeremias Dourado\AppData\Local\MiKTeX\fonts
/pk/ljfour/jknappen/ec/dpi600\tcrm1200.pk> <C:\Users\Jeremias Dourado\AppData\L
ocal\MiKTeX\fonts/pk/ljfour/jknappen/ec/dpi600\ecbx2488.pk> <C:\Users\Jeremias 
Dourado\AppData\Local\MiKTeX\fonts/pk/ljfour/jknappen/ec/dpi600\ecbx1200.pk> <C
:\Users\Jeremias Dourado\AppData\Local\MiKTeX\fonts/pk/ljfour/jknappen/ec/dpi60
0\ecrm1000.pk> <C:\Users\Jeremias Dourado\AppData\Local\MiKTeX\fonts/pk/ljfour/
jknappen/ec/dpi600\ecbx1440.pk> <C:\Users\Jeremias Dourado\AppData\Local\MiKTeX
\fonts/pk/ljfour/jknappen/ec/dpi600\ecbx1728.pk> <C:\Users\Jeremias Dourado\App
Data\Local\MiKTeX\fonts/pk/ljfour/jknappen/ec/dpi600\ecrm1200.pk> <C:\Users\Jer
emias Dourado\AppData\Local\MiKTeX\fonts/pk/ljfour/jknappen/ec/dpi600\ecrm1728.
pk><C:/Users/Jeremias Dourado/AppData/Local/Programs/MiKTeX/fonts/type1/public/
amsfonts/cm/cmex10.pfb><C:/Users/Jeremias Dourado/AppData/Local/Programs/MiKTeX
/fonts/type1/public/amsfonts/cm/cmmi12.pfb><C:/Users/Jeremias Dourado/AppData/L
ocal/Programs/MiKTeX/fonts/type1/public/amsfonts/cm/cmmi6.pfb><C:/Users/Jeremia
s Dourado/AppData/Local/Programs/MiKTeX/fonts/type1/public/amsfonts/cm/cmmi8.pf
b><C:/Users/Jeremias Dourado/AppData/Local/Programs/MiKTeX/fonts/type1/public/a
msfonts/cm/cmr12.pfb><C:/Users/Jeremias Dourado/AppData/Local/Programs/MiKTeX/f
onts/type1/public/amsfonts/cm/cmr6.pfb><C:/Users/Jeremias Dourado/AppData/Local
/Programs/MiKTeX/fonts/type1/public/amsfonts/cm/cmr8.pfb><C:/Users/Jeremias Dou
rado/AppData/Local/Programs/MiKTeX/fonts/type1/public/amsfonts/cm/cmsy10.pfb><C
:/Users/Jeremias Dourado/AppData/Local/Programs/MiKTeX/fonts/type1/public/amsfo
nts/cm/cmsy6.pfb><C:/Users/Jeremias Dourado/AppData/Local/Programs/MiKTeX/fonts
/type1/public/amsfonts/cm/cmsy8.pfb><C:/Users/Jeremias Dourado/AppData/Local/Pr
ograms/MiKTeX/fonts/type1/public/amsfonts/symbols/msam10.pfb><C:/Users/Jeremias
 Dourado/AppData/Local/Programs/MiKTeX/fonts/type1/public/amsfonts/symbols/msbm
10.pfb>
Output written on Monografia.pdf (43 pages, 726261 bytes).
PDF statistics:
 769 PDF objects out of 1000 (max. 8388607)
 0 named destinations out of 1000 (max. 500000)
 96 words of extra memory for PDF output out of 10000 (max. 10000000)

